<?xml version="1.0" encoding="UTF-8"?>
<!-- Generated by org.testng.reporters.JUnitXMLReporter -->
<testsuite ignored="0" hostname="Rishabh" failures="0" tests="3" name="ChromeTest" time="36.581" errors="0" timestamp="2024-07-05T14:50:29 IST">
  <testcase classname="testCases.TC_103_ValidAndInvalidAccountLogin" name="verifyLogin" time="4.064"/>
  <testcase classname="testCases.TC_103_ValidAndInvalidAccountLogin" name="verifyLogin" time="12.404"/>
  <testcase classname="testCases.TC_103_ValidAndInvalidAccountLogin" name="verifyLogin" time="11.92"/>
</testsuite> <!-- ChromeTest -->
