<?xml version="1.0" encoding="UTF-8"?>
<testng-results ignored="0" total="3" passed="3" failed="0" skipped="0">
  <reporter-output>
  </reporter-output>
  <suite started-at="2024-07-05T14:49:53 IST" name="Suite" finished-at="2024-07-05T14:50:29 IST" duration-ms="36581">
    <groups>
    </groups>
    <test started-at="2024-07-05T14:49:53 IST" name="ChromeTest" finished-at="2024-07-05T14:50:29 IST" duration-ms="36581">
      <class name="testCases.TC_103_ValidAndInvalidAccountLogin">
        <test-method is-config="true" signature="setup(java.lang.String)[pri:0, instance:testCases.TC_103_ValidAndInvalidAccountLogin@14dda234]" started-at="2024-07-05T14:49:53 IST" name="setup" finished-at="2024-07-05T14:49:58 IST" duration-ms="5732" status="PASS">
          <params>
            <param index="0">
              <value>
                <![CDATA[chrome]]>
              </value>
            </param>
          </params>
          <reporter-output>
          </reporter-output>
        </test-method> <!-- setup -->
        <test-method signature="verifyLogin(java.lang.String,java.lang.String,java.lang.String)[pri:0, instance:testCases.TC_103_ValidAndInvalidAccountLogin@14dda234]" started-at="2024-07-05T14:50:00 IST" name="verifyLogin" data-provider="LoginData" finished-at="2024-07-05T14:50:04 IST" duration-ms="4064" status="PASS">
          <params>
            <param index="0">
              <value>
                <![CDATA[admin]]>
              </value>
            </param>
            <param index="1">
              <value>
                <![CDATA[admin123]]>
              </value>
            </param>
            <param index="2">
              <value>
                <![CDATA[Valid]]>
              </value>
            </param>
          </params>
          <reporter-output>
          </reporter-output>
        </test-method> <!-- verifyLogin -->
        <test-method signature="verifyLogin(java.lang.String,java.lang.String,java.lang.String)[pri:0, instance:testCases.TC_103_ValidAndInvalidAccountLogin@14dda234]" started-at="2024-07-05T14:50:04 IST" name="verifyLogin" data-provider="LoginData" finished-at="2024-07-05T14:50:16 IST" duration-ms="12404" status="PASS">
          <params>
            <param index="0">
              <value>
                <![CDATA[admin1]]>
              </value>
            </param>
            <param index="1">
              <value>
                <![CDATA[admin123]]>
              </value>
            </param>
            <param index="2">
              <value>
                <![CDATA[Invalid]]>
              </value>
            </param>
          </params>
          <reporter-output>
          </reporter-output>
        </test-method> <!-- verifyLogin -->
        <test-method signature="verifyLogin(java.lang.String,java.lang.String,java.lang.String)[pri:0, instance:testCases.TC_103_ValidAndInvalidAccountLogin@14dda234]" started-at="2024-07-05T14:50:16 IST" name="verifyLogin" data-provider="LoginData" finished-at="2024-07-05T14:50:28 IST" duration-ms="11920" status="PASS">
          <params>
            <param index="0">
              <value>
                <![CDATA[admin]]>
              </value>
            </param>
            <param index="1">
              <value>
                <![CDATA[admin1234]]>
              </value>
            </param>
            <param index="2">
              <value>
                <![CDATA[Invalid]]>
              </value>
            </param>
          </params>
          <reporter-output>
          </reporter-output>
        </test-method> <!-- verifyLogin -->
        <test-method is-config="true" signature="tearDown()[pri:0, instance:testCases.TC_103_ValidAndInvalidAccountLogin@14dda234]" started-at="2024-07-05T14:50:28 IST" name="tearDown" finished-at="2024-07-05T14:50:29 IST" duration-ms="1313" status="PASS">
          <reporter-output>
          </reporter-output>
        </test-method> <!-- tearDown -->
      </class> <!-- testCases.TC_103_ValidAndInvalidAccountLogin -->
    </test> <!-- ChromeTest -->
  </suite> <!-- Suite -->
</testng-results>
